2025-11-05 11:23:13 - valutatrade - INFO - Запуск приложения Valutatrade Hub
{"timestamp": "2025-11-05 11:24:02,879", "level": "INFO", "logger": "valutatrade", "message": "Начало действия: GET_RATE", "action": "GET_RATE"}
2025-11-05 11:24:02 - valutatrade - INFO - Начало действия: GET_RATE
{"timestamp": "2025-11-05 11:24:02,880", "level": "INFO", "logger": "valutatrade", "message": "Действие завершено: GET_RATE", "action": "GET_RATE", "result": "OK", "execution_time_sec": 0.0}
2025-11-05 11:24:02 - valutatrade - INFO - Действие завершено: GET_RATE
2025-11-05 11:27:27 - valutatrade - ERROR - Ошибка при запуске парсера: No module named 'requests'
2025-11-05 11:27:45 - valutatrade - ERROR - Ошибка при запуске парсера: No module named 'requests'
2025-11-05 11:28:53 - valutatrade - INFO - Завершение работы приложения
2025-11-05 11:33:51 - valutatrade - INFO - Запуск приложения Valutatrade Hub
2025-11-05 11:33:59 - valutatrade - INFO - Завершение работы приложения
2025-11-05 11:53:02 - valutatrade - INFO - Запуск приложения Valutatrade Hub
{"timestamp": "2025-11-05 11:53:15,495", "level": "INFO", "logger": "valutatrade", "message": "Начало действия: Просмотр информации о пользователе", "action": "Просмотр информации о пользователе"}
2025-11-05 11:53:15 - valutatrade - INFO - Начало действия: Просмотр информации о пользователе
{"timestamp": "2025-11-05 11:53:15,496", "level": "INFO", "logger": "valutatrade", "message": "Действие завершено: Просмотр информации о пользователе", "action": "Просмотр информации о пользователе", "result": "OK", "execution_time_sec": 0.0}
2025-11-05 11:53:15 - valutatrade - INFO - Действие завершено: Просмотр информации о пользователе
{"timestamp": "2025-11-05 11:53:32,880", "level": "INFO", "logger": "valutatrade", "message": "Начало действия: Вход в систему", "action": "Вход в систему"}
2025-11-05 11:53:32 - valutatrade - INFO - Начало действия: Вход в систему
{"timestamp": "2025-11-05 11:53:32,881", "level": "INFO", "logger": "valutatrade", "message": "Действие завершено: Вход в систему", "action": "Вход в систему", "result": "OK", "execution_time_sec": 0.0}
2025-11-05 11:53:32 - valutatrade - INFO - Действие завершено: Вход в систему
{"timestamp": "2025-11-05 11:58:29,864", "level": "INFO", "logger": "valutatrade", "message": "Начало действия: Регистрация пользователя", "action": "Регистрация пользователя"}
2025-11-05 11:58:29 - valutatrade - INFO - Начало действия: Регистрация пользователя
{"timestamp": "2025-11-05 11:58:29,865", "level": "INFO", "logger": "valutatrade", "message": "Действие завершено: Регистрация пользователя", "action": "Регистрация пользователя", "result": "OK", "execution_time_sec": 0.0}
2025-11-05 11:58:29 - valutatrade - INFO - Действие завершено: Регистрация пользователя
{"timestamp": "2025-11-05 11:59:13,069", "level": "INFO", "logger": "valutatrade", "message": "Начало действия: Вход в систему", "action": "Вход в систему"}
2025-11-05 11:59:13 - valutatrade - INFO - Начало действия: Вход в систему
{"timestamp": "2025-11-05 11:59:13,070", "level": "INFO", "logger": "valutatrade", "message": "Действие завершено: Вход в систему", "action": "Вход в систему", "result": "OK", "execution_time_sec": 0.0}
2025-11-05 11:59:13 - valutatrade - INFO - Действие завершено: Вход в систему
2025-11-05 12:01:10 - valutatrade - INFO - Завершение работы приложения
2025-11-05 12:32:34 - valutatrade - INFO - Запуск приложения Valutatrade Hub
{"timestamp": "2025-11-05 12:33:05,580", "level": "INFO", "logger": "valutatrade", "message": "Начало действия: Регистрация пользователя", "action": "Регистрация пользователя"}
2025-11-05 12:33:05 - valutatrade - INFO - Начало действия: Регистрация пользователя
{"timestamp": "2025-11-05 12:33:05,581", "level": "INFO", "logger": "valutatrade", "message": "Начало действия: REGISTER", "action": "REGISTER"}
2025-11-05 12:33:05 - valutatrade - INFO - Начало действия: REGISTER
{"timestamp": "2025-11-05 12:33:05,582", "level": "INFO", "logger": "valutatrade", "message": "Начало действия: CHECK_USERNAME", "action": "CHECK_USERNAME"}
2025-11-05 12:33:05 - valutatrade - INFO - Начало действия: CHECK_USERNAME
{"timestamp": "2025-11-05 12:33:05,582", "level": "INFO", "logger": "valutatrade", "message": "Действие завершено: CHECK_USERNAME", "action": "CHECK_USERNAME", "result": "OK", "execution_time_sec": 0.0}
2025-11-05 12:33:05 - valutatrade - INFO - Действие завершено: CHECK_USERNAME
{"timestamp": "2025-11-05 12:33:05,584", "level": "INFO", "logger": "valutatrade", "message": "Действие завершено: REGISTER", "action": "REGISTER", "result": "OK", "execution_time_sec": 0.002}
2025-11-05 12:33:05 - valutatrade - INFO - Действие завершено: REGISTER
{"timestamp": "2025-11-05 12:33:05,584", "level": "INFO", "logger": "valutatrade", "message": "Действие завершено: Регистрация пользователя", "action": "Регистрация пользователя", "result": "OK", "execution_time_sec": 0.003}
2025-11-05 12:33:05 - valutatrade - INFO - Действие завершено: Регистрация пользователя
{"timestamp": "2025-11-05 12:33:52,528", "level": "INFO", "logger": "valutatrade", "message": "Начало действия: Вход в систему", "action": "Вход в систему"}
2025-11-05 12:33:52 - valutatrade - INFO - Начало действия: Вход в систему
{"timestamp": "2025-11-05 12:33:52,528", "level": "INFO", "logger": "valutatrade", "message": "Начало действия: LOGIN", "action": "LOGIN"}
2025-11-05 12:33:52 - valutatrade - INFO - Начало действия: LOGIN
{"timestamp": "2025-11-05 12:33:52,529", "level": "INFO", "logger": "valutatrade", "message": "Начало действия: GET_USER", "action": "GET_USER"}
2025-11-05 12:33:52 - valutatrade - INFO - Начало действия: GET_USER
{"timestamp": "2025-11-05 12:33:52,530", "level": "INFO", "logger": "valutatrade", "message": "Действие завершено: GET_USER", "action": "GET_USER", "result": "OK", "execution_time_sec": 0.0}
2025-11-05 12:33:52 - valutatrade - INFO - Действие завершено: GET_USER
{"timestamp": "2025-11-05 12:33:52,531", "level": "INFO", "logger": "valutatrade", "message": "Действие завершено: LOGIN", "action": "LOGIN", "result": "OK", "execution_time_sec": 0.001}
2025-11-05 12:33:52 - valutatrade - INFO - Действие завершено: LOGIN
{"timestamp": "2025-11-05 12:33:52,531", "level": "INFO", "logger": "valutatrade", "message": "Начало действия: GET_PORTFOLIO", "action": "GET_PORTFOLIO"}
2025-11-05 12:33:52 - valutatrade - INFO - Начало действия: GET_PORTFOLIO
{"timestamp": "2025-11-05 12:33:52,532", "level": "INFO", "logger": "valutatrade", "message": "Действие завершено: GET_PORTFOLIO", "action": "GET_PORTFOLIO", "result": "OK", "execution_time_sec": 0.0}
2025-11-05 12:33:52 - valutatrade - INFO - Действие завершено: GET_PORTFOLIO
{"timestamp": "2025-11-05 12:33:52,533", "level": "INFO", "logger": "valutatrade", "message": "Начало действия: CREATE_PORTFOLIO", "action": "CREATE_PORTFOLIO"}
2025-11-05 12:33:52 - valutatrade - INFO - Начало действия: CREATE_PORTFOLIO
{"timestamp": "2025-11-05 12:33:52,534", "level": "INFO", "logger": "valutatrade", "message": "Действие завершено: CREATE_PORTFOLIO", "action": "CREATE_PORTFOLIO", "result": "OK", "execution_time_sec": 0.001}
2025-11-05 12:33:52 - valutatrade - INFO - Действие завершено: CREATE_PORTFOLIO
{"timestamp": "2025-11-05 12:33:52,534", "level": "INFO", "logger": "valutatrade", "message": "Действие завершено: Вход в систему", "action": "Вход в систему", "result": "OK", "execution_time_sec": 0.006}
2025-11-05 12:33:52 - valutatrade - INFO - Действие завершено: Вход в систему
{"timestamp": "2025-11-05 12:40:20,175", "level": "INFO", "logger": "valutatrade", "message": "Начало действия: Просмотр информации о пользователе", "action": "Просмотр информации о пользователе", "user": "test", "user_id": 1}
2025-11-05 12:40:20 - valutatrade - INFO - Начало действия: Просмотр информации о пользователе
{"timestamp": "2025-11-05 12:40:20,176", "level": "INFO", "logger": "valutatrade", "message": "Начало действия: Получение информации о пользователе", "action": "Получение информации о пользователе"}
2025-11-05 12:40:20 - valutatrade - INFO - Начало действия: Получение информации о пользователе
{"timestamp": "2025-11-05 12:40:20,176", "level": "INFO", "logger": "valutatrade", "message": "Действие завершено: Получение информации о пользователе", "action": "Получение информации о пользователе", "result": "OK", "execution_time_sec": 0.0}
2025-11-05 12:40:20 - valutatrade - INFO - Действие завершено: Получение информации о пользователе
{"timestamp": "2025-11-05 12:40:20,253", "level": "INFO", "logger": "valutatrade", "message": "Действие завершено: Просмотр информации о пользователе", "action": "Просмотр информации о пользователе", "user": "test", "user_id": 1, "result": "OK", "execution_time_sec": 0.077}
2025-11-05 12:40:20 - valutatrade - INFO - Действие завершено: Просмотр информации о пользователе
{"timestamp": "2025-11-05 12:40:44,099", "level": "INFO", "logger": "valutatrade", "message": "Начало действия: BUY", "action": "BUY", "user": "test", "user_id": 1}
2025-11-05 12:40:44 - valutatrade - INFO - Начало действия: BUY
{"timestamp": "2025-11-05 12:40:44,101", "level": "INFO", "logger": "valutatrade", "message": "Начало действия: BUY", "action": "BUY", "currency": "USD", "amount": 100.0}
2025-11-05 12:40:44 - valutatrade - INFO - Начало действия: BUY
{"timestamp": "2025-11-05 12:40:44,101", "level": "INFO", "logger": "valutatrade", "message": "Начало действия: GET_PORTFOLIO", "action": "GET_PORTFOLIO"}
2025-11-05 12:40:44 - valutatrade - INFO - Начало действия: GET_PORTFOLIO
{"timestamp": "2025-11-05 12:40:44,102", "level": "INFO", "logger": "valutatrade", "message": "Действие завершено: GET_PORTFOLIO", "action": "GET_PORTFOLIO", "result": "OK", "execution_time_sec": 0.0}
2025-11-05 12:40:44 - valutatrade - INFO - Действие завершено: GET_PORTFOLIO
{"timestamp": "2025-11-05 12:40:44,102", "level": "INFO", "logger": "valutatrade", "message": "Начало действия: Добавление валюты в портфель", "action": "Добавление валюты в портфель"}
2025-11-05 12:40:44 - valutatrade - INFO - Начало действия: Добавление валюты в портфель
{"timestamp": "2025-11-05 12:40:44,103", "level": "INFO", "logger": "valutatrade", "message": "Действие завершено: Добавление валюты в портфель", "action": "Добавление валюты в портфель", "result": "OK", "execution_time_sec": 0.0}
2025-11-05 12:40:44 - valutatrade - INFO - Действие завершено: Добавление валюты в портфель
2025-11-05 12:40:44 - valutatrade - INFO - Начало транзакции: deposit
2025-11-05 12:40:44 - valutatrade - INFO - Транзакция успешна: deposit
{"timestamp": "2025-11-05 12:40:44,104", "level": "INFO", "logger": "valutatrade", "message": "Начало действия: Получение курса обмена", "action": "Получение курса обмена"}
2025-11-05 12:40:44 - valutatrade - INFO - Начало действия: Получение курса обмена
{"timestamp": "2025-11-05 12:40:44,104", "level": "INFO", "logger": "valutatrade", "message": "Действие завершено: Получение курса обмена", "action": "Получение курса обмена", "result": "OK", "execution_time_sec": 0.0}
2025-11-05 12:40:44 - valutatrade - INFO - Действие завершено: Получение курса обмена
2025-11-05 12:40:44 - valutatrade - INFO - Покупка валюты: пользователь 1, 100.0 USD по курсу 1.0
{"timestamp": "2025-11-05 12:40:44,106", "level": "INFO", "logger": "valutatrade", "message": "Действие завершено: BUY", "action": "BUY", "currency": "USD", "amount": 100.0, "rate": 1.0, "result": "OK", "execution_time_sec": 0.004}
2025-11-05 12:40:44 - valutatrade - INFO - Действие завершено: BUY
{"timestamp": "2025-11-05 12:40:44,107", "level": "INFO", "logger": "valutatrade", "message": "Действие завершено: BUY", "action": "BUY", "user": "test", "user_id": 1, "result": "OK", "execution_time_sec": 0.006}
2025-11-05 12:40:44 - valutatrade - INFO - Действие завершено: BUY
{"timestamp": "2025-11-05 12:43:59,783", "level": "INFO", "logger": "valutatrade", "message": "Начало действия: Просмотр портфеля", "action": "Просмотр портфеля", "user": "test", "user_id": 1}
2025-11-05 12:43:59 - valutatrade - INFO - Начало действия: Просмотр портфеля
{"timestamp": "2025-11-05 12:43:59,784", "level": "INFO", "logger": "valutatrade", "message": "Действие завершено: Просмотр портфеля", "action": "Просмотр портфеля", "user": "test", "user_id": 1, "result": "OK", "execution_time_sec": 0.0}
2025-11-05 12:43:59 - valutatrade - INFO - Действие завершено: Просмотр портфеля
{"timestamp": "2025-11-05 12:44:23,892", "level": "INFO", "logger": "valutatrade", "message": "Начало действия: GET_RATE", "action": "GET_RATE", "user": "test", "user_id": 1}
2025-11-05 12:44:23 - valutatrade - INFO - Начало действия: GET_RATE
{"timestamp": "2025-11-05 12:44:23,893", "level": "INFO", "logger": "valutatrade", "message": "Начало действия: Получение информации о курсе", "action": "Получение информации о курсе"}
2025-11-05 12:44:23 - valutatrade - INFO - Начало действия: Получение информации о курсе
{"timestamp": "2025-11-05 12:44:23,893", "level": "INFO", "logger": "valutatrade", "message": "Начало действия: Получение курса обмена", "action": "Получение курса обмена"}
2025-11-05 12:44:23 - valutatrade - INFO - Начало действия: Получение курса обмена
2025-11-05 12:44:23 - valutatrade - INFO - Запрос нового курса: BTC_USD
2025-11-05 12:44:23 - valutatrade - INFO - Курс обновлен: BTC_USD = 59337.21
{"timestamp": "2025-11-05 12:44:23,897", "level": "INFO", "logger": "valutatrade", "message": "Действие завершено: Получение курса обмена", "action": "Получение курса обмена", "result": "OK", "execution_time_sec": 0.004}
2025-11-05 12:44:23 - valutatrade - INFO - Действие завершено: Получение курса обмена
{"timestamp": "2025-11-05 12:44:23,898", "level": "INFO", "logger": "valutatrade", "message": "Действие завершено: Получение информации о курсе", "action": "Получение информации о курсе", "result": "OK", "execution_time_sec": 0.004}
2025-11-05 12:44:23 - valutatrade - INFO - Действие завершено: Получение информации о курсе
{"timestamp": "2025-11-05 12:44:23,898", "level": "INFO", "logger": "valutatrade", "message": "Действие завершено: GET_RATE", "action": "GET_RATE", "user": "test", "user_id": 1, "result": "OK", "execution_time_sec": 0.006}
2025-11-05 12:44:23 - valutatrade - INFO - Действие завершено: GET_RATE
{"timestamp": "2025-11-05 12:44:37,791", "level": "INFO", "logger": "valutatrade", "message": "Начало действия: UPDATE_RATES", "action": "UPDATE_RATES", "user": "test", "user_id": 1}
2025-11-05 12:44:37 - valutatrade - INFO - Начало действия: UPDATE_RATES
{"timestamp": "2025-11-05 12:44:40,455", "level": "INFO", "logger": "valutatrade", "message": "Начало действия: UPDATE_RATES", "action": "UPDATE_RATES"}
2025-11-05 12:44:40 - valutatrade - INFO - Начало действия: UPDATE_RATES
2025-11-05 12:44:40 - valutatrade - INFO - 🚀 Запуск обновления курсов валют...
2025-11-05 12:44:40 - valutatrade - INFO - 📡 Получение данных от coingecko...
2025-11-05 12:44:40 - valutatrade - INFO - Получение курсов криптовалют от CoinGecko...
2025-11-05 12:44:40 - valutatrade - ERROR - Неожиданная ошибка при работе с coingecko: type object 'ParserConfig' has no attribute 'CRYPTO_ID_MAP'
2025-11-05 12:44:40 - valutatrade - INFO - 📡 Получение данных от exchangerate...
2025-11-05 12:44:40 - valutatrade - INFO - Получение курсов фиатных валют от ExchangeRate-API...
2025-11-05 12:44:43 - valutatrade - ERROR - Ошибка получения данных от exchangerate: Ошибка при обращении к внешнему API: HTTP ошибка 404: 404 Client Error: Not Found for url: https://v6.exchangerate-api.com/v6/your_exchangerate_api_key_here/latest/USD
2025-11-05 12:44:43 - valutatrade - WARNING - ⚠️  Обновление завершено с ошибками. Успешных источников: 0, Ошибок: 2
{"timestamp": "2025-11-05 12:44:43,047", "level": "INFO", "logger": "valutatrade", "message": "Действие завершено: UPDATE_RATES", "action": "UPDATE_RATES", "result": "OK", "execution_time_sec": 2.591}
2025-11-05 12:44:43 - valutatrade - INFO - Действие завершено: UPDATE_RATES
2025-11-05 12:44:43 - valutatrade - ERROR - Ошибка при получении статуса парсера: 'last_update'
{"timestamp": "2025-11-05 12:44:43,052", "level": "INFO", "logger": "valutatrade", "message": "Действие завершено: UPDATE_RATES", "action": "UPDATE_RATES", "user": "test", "user_id": 1, "result": "OK", "execution_time_sec": 5.26}
2025-11-05 12:44:43 - valutatrade - INFO - Действие завершено: UPDATE_RATES
2025-11-05 12:46:28 - valutatrade - INFO - Завершение сессии пользователя: test
2025-11-05 12:46:28 - valutatrade - INFO - Завершение работы приложения
